22-Mar-2025 23:56:27.994 INFO [Thread-1] org.apache.coyote.AbstractProtocol.pause Le gestionnaire de protocole ["http-nio-8080"] est mis en pause
22-Mar-2025 23:56:28.023 INFO [Thread-1] org.apache.catalina.core.StandardService.stopInternal Arrêt du service [Catalina]
22-Mar-2025 23:56:28.053 WARNING [Thread-1] org.apache.catalina.loader.WebappClassLoaderBase.clearReferencesJdbc L'application web [GestionProjet] a enregistré un pilote JDBC [com.mysql.cj.jdbc.Driver], mais ne l'a pas désenregistré avant l'arrêt de l'application.  Pour éviter une fuite de mémoire, le pilote JDBC a été désenregistré de force.
22-Mar-2025 23:56:28.056 WARNING [Thread-1] org.apache.catalina.loader.WebappClassLoaderBase.clearReferencesThreads L'application web [GestionProjet] semble avoir démarré un thread nommé [mysql-cj-abandoned-connection-cleanup] mais ne l'a pas arrêté, ce qui va probablement créer une fuite de mémoire ; la trace du thread est : 
 java.base/jdk.internal.misc.Unsafe.park(Native Method)
 java.base/java.util.concurrent.locks.LockSupport.parkNanos(LockSupport.java:269)
 java.base/java.util.concurrent.locks.AbstractQueuedSynchronizer$ConditionObject.await(AbstractQueuedSynchronizer.java:1852)
 java.base/java.lang.ref.ReferenceQueue.await(ReferenceQueue.java:79)
 java.base/java.lang.ref.ReferenceQueue.remove0(ReferenceQueue.java:151)
 java.base/java.lang.ref.ReferenceQueue.remove(ReferenceQueue.java:229)
 com.mysql.cj.jdbc.AbandonedConnectionCleanupThread.run(AbandonedConnectionCleanupThread.java:91)
 java.base/java.util.concurrent.ThreadPoolExecutor.runWorker(ThreadPoolExecutor.java:1144)
 java.base/java.util.concurrent.ThreadPoolExecutor$Worker.run(ThreadPoolExecutor.java:642)
 java.base/java.lang.Thread.run(Thread.java:1575)
22-Mar-2025 23:56:28.085 INFO [Thread-1] org.apache.coyote.AbstractProtocol.stop Arrêt du gestionnaire de protocole ["http-nio-8080"]
22-Mar-2025 23:56:28.105 INFO [Thread-1] org.apache.coyote.AbstractProtocol.destroy Destruction du gestionnaire de protocole ["http-nio-8080"]
22-Mar-2025 23:56:38.349 INFO [main] org.apache.catalina.startup.VersionLoggerListener.log Nom version serveur :              Apache Tomcat/9.0.99
22-Mar-2025 23:56:38.360 INFO [main] org.apache.catalina.startup.VersionLoggerListener.log Serveur compilé :                  Feb 4 2025 20:08:08 UTC
22-Mar-2025 23:56:38.361 INFO [main] org.apache.catalina.startup.VersionLoggerListener.log Version du serveur :               9.0.99.0
22-Mar-2025 23:56:38.361 INFO [main] org.apache.catalina.startup.VersionLoggerListener.log Nom de l'OS :                      Windows 11
22-Mar-2025 23:56:38.361 INFO [main] org.apache.catalina.startup.VersionLoggerListener.log Version OS :                       10.0
22-Mar-2025 23:56:38.361 INFO [main] org.apache.catalina.startup.VersionLoggerListener.log Architecture :                     amd64
22-Mar-2025 23:56:38.361 INFO [main] org.apache.catalina.startup.VersionLoggerListener.log Java Home :                        C:\Users\enaa-\.jdks\openjdk-23.0.2
22-Mar-2025 23:56:38.362 INFO [main] org.apache.catalina.startup.VersionLoggerListener.log Version JVM :                      23.0.2+7-58
22-Mar-2025 23:56:38.362 INFO [main] org.apache.catalina.startup.VersionLoggerListener.log Fournisseur de la JVM :            Oracle Corporation
22-Mar-2025 23:56:38.362 INFO [main] org.apache.catalina.startup.VersionLoggerListener.log CATALINA_BASE :                    C:\Users\enaa-\Desktop\GestionProjet
22-Mar-2025 23:56:38.362 INFO [main] org.apache.catalina.startup.VersionLoggerListener.log CATALINA_HOME :                    C:\Program Files\Apache Software Foundation\Tomcat 9.0
22-Mar-2025 23:56:38.387 INFO [main] org.apache.catalina.startup.VersionLoggerListener.log Argument de la ligne de commande : --add-opens=java.base/java.lang=ALL-UNNAMED
22-Mar-2025 23:56:38.389 INFO [main] org.apache.catalina.startup.VersionLoggerListener.log Argument de la ligne de commande : --add-opens=java.base/java.io=ALL-UNNAMED
22-Mar-2025 23:56:38.389 INFO [main] org.apache.catalina.startup.VersionLoggerListener.log Argument de la ligne de commande : --add-opens=java.base/java.util=ALL-UNNAMED
22-Mar-2025 23:56:38.390 INFO [main] org.apache.catalina.startup.VersionLoggerListener.log Argument de la ligne de commande : --add-opens=java.base/java.util.concurrent=ALL-UNNAMED
22-Mar-2025 23:56:38.390 INFO [main] org.apache.catalina.startup.VersionLoggerListener.log Argument de la ligne de commande : --add-opens=java.rmi/sun.rmi.transport=ALL-UNNAMED
22-Mar-2025 23:56:38.390 INFO [main] org.apache.catalina.startup.VersionLoggerListener.log Argument de la ligne de commande : -Dcatalina.home=C:\Program Files\Apache Software Foundation\Tomcat 9.0
22-Mar-2025 23:56:38.391 INFO [main] org.apache.catalina.startup.VersionLoggerListener.log Argument de la ligne de commande : -Dcatalina.base=C:\Users\enaa-\Desktop\GestionProjet
22-Mar-2025 23:56:38.391 INFO [main] org.apache.catalina.startup.VersionLoggerListener.log Argument de la ligne de commande : -Djava.io.tmpdir=C:\Users\enaa-\Desktop\GestionProjet\temp
22-Mar-2025 23:56:38.391 INFO [main] org.apache.catalina.startup.VersionLoggerListener.log Argument de la ligne de commande : -Djava.util.logging.config.file=C:\Users\enaa-\Desktop\GestionProjet\conf\logging.properties
22-Mar-2025 23:56:38.392 INFO [main] org.apache.catalina.startup.VersionLoggerListener.log Argument de la ligne de commande : -Djava.util.logging.manager=org.apache.juli.ClassLoaderLogManager
22-Mar-2025 23:56:38.392 INFO [main] org.apache.catalina.startup.VersionLoggerListener.log Argument de la ligne de commande : -javaagent:C:\Program Files\JetBrains\IntelliJ IDEA 2024.3\lib\idea_rt.jar=65114:C:\Program Files\JetBrains\IntelliJ IDEA 2024.3\bin
22-Mar-2025 23:56:38.393 INFO [main] org.apache.catalina.startup.VersionLoggerListener.log Argument de la ligne de commande : -Dfile.encoding=UTF-8
22-Mar-2025 23:56:38.393 INFO [main] org.apache.catalina.startup.VersionLoggerListener.log Argument de la ligne de commande : -Dsun.stdout.encoding=UTF-8
22-Mar-2025 23:56:38.393 INFO [main] org.apache.catalina.startup.VersionLoggerListener.log Argument de la ligne de commande : -Dsun.stderr.encoding=UTF-8
22-Mar-2025 23:56:38.407 INFO [main] org.apache.catalina.core.AprLifecycleListener.lifecycleEvent La librairie Apache Tomcat Native basée sur APR qui permet des performances optimales dans les environnements de production n'a pas été trouvée sur le java.library.path : [C:\Users\enaa-\.jdks\openjdk-23.0.2\bin;C:\WINDOWS\Sun\Java\bin;C:\WINDOWS\system32;C:\WINDOWS;C:\Program Files\Common Files\Oracle\Java\javapath;C:\Program Files (x86)\Common Files\Oracle\Java\java8path;C:\Program Files (x86)\Common Files\Oracle\Java\javapath;C:\WINDOWS\system32;C:\WINDOWS;C:\WINDOWS\System32\Wbem;C:\WINDOWS\System32\WindowsPowerShell\v1.0\;C:\WINDOWS\System32\OpenSSH\;C:\Program Files\Git\cmd;C:\Program Files\Java\jdk-23\bin;C:\Users\enaa-\AppData\Local\Microsoft\WindowsApps;C:\Users\enaa-\AppData\Local\Programs\Microsoft VS Code\bin;;C:\Program Files\JetBrains\IntelliJ IDEA 2024.3\bin;;.]
22-Mar-2025 23:56:39.453 INFO [main] org.apache.coyote.AbstractProtocol.init Initialisation du gestionnaire de protocole ["http-nio-8080"]
22-Mar-2025 23:56:39.493 INFO [main] org.apache.catalina.startup.Catalina.load L'initialisation du serveur a pris [1847] millisecondes
22-Mar-2025 23:56:39.648 INFO [main] org.apache.catalina.core.StandardService.startInternal Démarrage du service [Catalina]
22-Mar-2025 23:56:39.649 INFO [main] org.apache.catalina.core.StandardEngine.startInternal Démarrage du moteur de Servlets : [Apache Tomcat/9.0.99]
22-Mar-2025 23:56:39.670 INFO [main] org.apache.catalina.startup.HostConfig.deployDescriptor Déploiement du descripteur de configuration [C:\Users\enaa-\Desktop\GestionProjet\conf\Catalina\localhost\GestionProjet.xml]
22-Mar-2025 23:56:41.697 INFO [main] org.apache.jasper.servlet.TldScanner.scanJars Au moins un fichier JAR a été analysé pour trouver des TLDs mais il n'en contenait pas, le mode "debug" du journal peut être activé pour obtenir une liste complète de JAR scannés sans succès ; éviter d'analyser des JARs inutilement peut améliorer sensiblement le temps de démarrage et le temps de compilation des JSPs
22-Mar-2025 23:56:41.854 INFO [main] org.apache.catalina.startup.HostConfig.deployDescriptor Le traitement du descripteur de déploiement [C:\Users\enaa-\Desktop\GestionProjet\conf\Catalina\localhost\GestionProjet.xml] a pris [2 174] ms
22-Mar-2025 23:56:41.870 INFO [main] org.apache.coyote.AbstractProtocol.start Démarrage du gestionnaire de protocole ["http-nio-8080"]
22-Mar-2025 23:56:41.914 INFO [main] org.apache.catalina.startup.Catalina.start Le démarrage du serveur a pris [2417] millisecondes
