20-Mar-2025 11:15:06.932 INFO [Thread-1] org.apache.coyote.AbstractProtocol.pause Le gestionnaire de protocole ["http-nio-8080"] est mis en pause
20-Mar-2025 11:15:06.940 INFO [Thread-1] org.apache.catalina.core.StandardService.stopInternal Arrêt du service [Catalina]
20-Mar-2025 11:15:06.955 WARNING [Thread-1] org.apache.catalina.loader.WebappClassLoaderBase.clearReferencesJdbc L'application web [GestionProjet] a enregistré un pilote JDBC [com.mysql.cj.jdbc.Driver], mais ne l'a pas désenregistré avant l'arrêt de l'application.  Pour éviter une fuite de mémoire, le pilote JDBC a été désenregistré de force.
20-Mar-2025 11:15:06.956 WARNING [Thread-1] org.apache.catalina.loader.WebappClassLoaderBase.clearReferencesThreads L'application web [GestionProjet] semble avoir démarré un thread nommé [mysql-cj-abandoned-connection-cleanup] mais ne l'a pas arrêté, ce qui va probablement créer une fuite de mémoire ; la trace du thread est : 
 java.base/jdk.internal.misc.Unsafe.park(Native Method)
 java.base/java.util.concurrent.locks.LockSupport.parkNanos(LockSupport.java:269)
 java.base/java.util.concurrent.locks.AbstractQueuedSynchronizer$ConditionObject.await(AbstractQueuedSynchronizer.java:1852)
 java.base/java.lang.ref.ReferenceQueue.await(ReferenceQueue.java:79)
 java.base/java.lang.ref.ReferenceQueue.remove0(ReferenceQueue.java:151)
 java.base/java.lang.ref.ReferenceQueue.remove(ReferenceQueue.java:229)
 com.mysql.cj.jdbc.AbandonedConnectionCleanupThread.run(AbandonedConnectionCleanupThread.java:91)
 java.base/java.util.concurrent.ThreadPoolExecutor.runWorker(ThreadPoolExecutor.java:1144)
 java.base/java.util.concurrent.ThreadPoolExecutor$Worker.run(ThreadPoolExecutor.java:642)
 java.base/java.lang.Thread.run(Thread.java:1575)
20-Mar-2025 11:15:06.976 INFO [Thread-1] org.apache.coyote.AbstractProtocol.stop Arrêt du gestionnaire de protocole ["http-nio-8080"]
20-Mar-2025 11:15:06.989 INFO [Thread-1] org.apache.coyote.AbstractProtocol.destroy Destruction du gestionnaire de protocole ["http-nio-8080"]
20-Mar-2025 14:04:21.137 INFO [main] org.apache.catalina.startup.VersionLoggerListener.log Nom version serveur :              Apache Tomcat/9.0.99
20-Mar-2025 14:04:21.147 INFO [main] org.apache.catalina.startup.VersionLoggerListener.log Serveur compilé :                  Feb 4 2025 20:08:08 UTC
20-Mar-2025 14:04:21.148 INFO [main] org.apache.catalina.startup.VersionLoggerListener.log Version du serveur :               9.0.99.0
20-Mar-2025 14:04:21.148 INFO [main] org.apache.catalina.startup.VersionLoggerListener.log Nom de l'OS :                      Windows 11
20-Mar-2025 14:04:21.149 INFO [main] org.apache.catalina.startup.VersionLoggerListener.log Version OS :                       10.0
20-Mar-2025 14:04:21.149 INFO [main] org.apache.catalina.startup.VersionLoggerListener.log Architecture :                     amd64
20-Mar-2025 14:04:21.149 INFO [main] org.apache.catalina.startup.VersionLoggerListener.log Java Home :                        C:\Users\enaa-\.jdks\openjdk-23.0.2
20-Mar-2025 14:04:21.149 INFO [main] org.apache.catalina.startup.VersionLoggerListener.log Version JVM :                      23.0.2+7-58
20-Mar-2025 14:04:21.150 INFO [main] org.apache.catalina.startup.VersionLoggerListener.log Fournisseur de la JVM :            Oracle Corporation
20-Mar-2025 14:04:21.150 INFO [main] org.apache.catalina.startup.VersionLoggerListener.log CATALINA_BASE :                    C:\Users\enaa-\Desktop\GestionProjet
20-Mar-2025 14:04:21.150 INFO [main] org.apache.catalina.startup.VersionLoggerListener.log CATALINA_HOME :                    C:\Program Files\Apache Software Foundation\Tomcat 9.0
20-Mar-2025 14:04:21.175 INFO [main] org.apache.catalina.startup.VersionLoggerListener.log Argument de la ligne de commande : --add-opens=java.base/java.lang=ALL-UNNAMED
20-Mar-2025 14:04:21.176 INFO [main] org.apache.catalina.startup.VersionLoggerListener.log Argument de la ligne de commande : --add-opens=java.base/java.io=ALL-UNNAMED
20-Mar-2025 14:04:21.176 INFO [main] org.apache.catalina.startup.VersionLoggerListener.log Argument de la ligne de commande : --add-opens=java.base/java.util=ALL-UNNAMED
20-Mar-2025 14:04:21.177 INFO [main] org.apache.catalina.startup.VersionLoggerListener.log Argument de la ligne de commande : --add-opens=java.base/java.util.concurrent=ALL-UNNAMED
20-Mar-2025 14:04:21.177 INFO [main] org.apache.catalina.startup.VersionLoggerListener.log Argument de la ligne de commande : --add-opens=java.rmi/sun.rmi.transport=ALL-UNNAMED
20-Mar-2025 14:04:21.177 INFO [main] org.apache.catalina.startup.VersionLoggerListener.log Argument de la ligne de commande : -Dcatalina.home=C:\Program Files\Apache Software Foundation\Tomcat 9.0
20-Mar-2025 14:04:21.177 INFO [main] org.apache.catalina.startup.VersionLoggerListener.log Argument de la ligne de commande : -Dcatalina.base=C:\Users\enaa-\Desktop\GestionProjet
20-Mar-2025 14:04:21.178 INFO [main] org.apache.catalina.startup.VersionLoggerListener.log Argument de la ligne de commande : -Djava.io.tmpdir=C:\Users\enaa-\Desktop\GestionProjet\temp
20-Mar-2025 14:04:21.178 INFO [main] org.apache.catalina.startup.VersionLoggerListener.log Argument de la ligne de commande : -Djava.util.logging.config.file=C:\Users\enaa-\Desktop\GestionProjet\conf\logging.properties
20-Mar-2025 14:04:21.178 INFO [main] org.apache.catalina.startup.VersionLoggerListener.log Argument de la ligne de commande : -Djava.util.logging.manager=org.apache.juli.ClassLoaderLogManager
20-Mar-2025 14:04:21.178 INFO [main] org.apache.catalina.startup.VersionLoggerListener.log Argument de la ligne de commande : -javaagent:C:\Program Files\JetBrains\IntelliJ IDEA 2024.3\lib\idea_rt.jar=55541:C:\Program Files\JetBrains\IntelliJ IDEA 2024.3\bin
20-Mar-2025 14:04:21.178 INFO [main] org.apache.catalina.startup.VersionLoggerListener.log Argument de la ligne de commande : -Dfile.encoding=UTF-8
20-Mar-2025 14:04:21.178 INFO [main] org.apache.catalina.startup.VersionLoggerListener.log Argument de la ligne de commande : -Dsun.stdout.encoding=UTF-8
20-Mar-2025 14:04:21.179 INFO [main] org.apache.catalina.startup.VersionLoggerListener.log Argument de la ligne de commande : -Dsun.stderr.encoding=UTF-8
20-Mar-2025 14:04:21.189 INFO [main] org.apache.catalina.core.AprLifecycleListener.lifecycleEvent La librairie Apache Tomcat Native basée sur APR qui permet des performances optimales dans les environnements de production n'a pas été trouvée sur le java.library.path : [C:\Users\enaa-\.jdks\openjdk-23.0.2\bin;C:\WINDOWS\Sun\Java\bin;C:\WINDOWS\system32;C:\WINDOWS;C:\Program Files\Common Files\Oracle\Java\javapath;C:\Program Files (x86)\Common Files\Oracle\Java\java8path;C:\Program Files (x86)\Common Files\Oracle\Java\javapath;C:\WINDOWS\system32;C:\WINDOWS;C:\WINDOWS\System32\Wbem;C:\WINDOWS\System32\WindowsPowerShell\v1.0\;C:\WINDOWS\System32\OpenSSH\;C:\Program Files\Git\cmd;C:\Program Files\Java\jdk-23\bin;C:\Users\enaa-\AppData\Local\Microsoft\WindowsApps;C:\Users\enaa-\AppData\Local\Programs\Microsoft VS Code\bin;;C:\Program Files\JetBrains\IntelliJ IDEA 2024.3\bin;;.]
20-Mar-2025 14:04:22.093 INFO [main] org.apache.coyote.AbstractProtocol.init Initialisation du gestionnaire de protocole ["http-nio-8080"]
20-Mar-2025 14:04:22.145 INFO [main] org.apache.catalina.startup.Catalina.load L'initialisation du serveur a pris [1726] millisecondes
20-Mar-2025 14:04:22.310 INFO [main] org.apache.catalina.core.StandardService.startInternal Démarrage du service [Catalina]
20-Mar-2025 14:04:22.311 INFO [main] org.apache.catalina.core.StandardEngine.startInternal Démarrage du moteur de Servlets : [Apache Tomcat/9.0.99]
20-Mar-2025 14:04:22.338 INFO [main] org.apache.catalina.startup.HostConfig.deployDescriptor Déploiement du descripteur de configuration [C:\Users\enaa-\Desktop\GestionProjet\conf\Catalina\localhost\GestionProjet.xml]
20-Mar-2025 14:04:24.150 INFO [main] org.apache.jasper.servlet.TldScanner.scanJars Au moins un fichier JAR a été analysé pour trouver des TLDs mais il n'en contenait pas, le mode "debug" du journal peut être activé pour obtenir une liste complète de JAR scannés sans succès ; éviter d'analyser des JARs inutilement peut améliorer sensiblement le temps de démarrage et le temps de compilation des JSPs
20-Mar-2025 14:04:24.276 INFO [main] org.apache.catalina.startup.HostConfig.deployDescriptor Le traitement du descripteur de déploiement [C:\Users\enaa-\Desktop\GestionProjet\conf\Catalina\localhost\GestionProjet.xml] a pris [1 932] ms
20-Mar-2025 14:04:24.284 INFO [main] org.apache.coyote.AbstractProtocol.start Démarrage du gestionnaire de protocole ["http-nio-8080"]
20-Mar-2025 14:04:24.317 INFO [main] org.apache.catalina.startup.Catalina.start Le démarrage du serveur a pris [2168] millisecondes
20-Mar-2025 14:20:04.637 INFO [Thread-1] org.apache.coyote.AbstractProtocol.pause Le gestionnaire de protocole ["http-nio-8080"] est mis en pause
20-Mar-2025 14:20:04.660 INFO [Thread-1] org.apache.catalina.core.StandardService.stopInternal Arrêt du service [Catalina]
20-Mar-2025 14:20:04.686 WARNING [Thread-1] org.apache.catalina.loader.WebappClassLoaderBase.clearReferencesJdbc L'application web [GestionProjet] a enregistré un pilote JDBC [com.mysql.cj.jdbc.Driver], mais ne l'a pas désenregistré avant l'arrêt de l'application.  Pour éviter une fuite de mémoire, le pilote JDBC a été désenregistré de force.
20-Mar-2025 14:20:04.689 WARNING [Thread-1] org.apache.catalina.loader.WebappClassLoaderBase.clearReferencesThreads L'application web [GestionProjet] semble avoir démarré un thread nommé [mysql-cj-abandoned-connection-cleanup] mais ne l'a pas arrêté, ce qui va probablement créer une fuite de mémoire ; la trace du thread est : 
 java.base/jdk.internal.misc.Unsafe.park(Native Method)
 java.base/java.util.concurrent.locks.LockSupport.parkNanos(LockSupport.java:269)
 java.base/java.util.concurrent.locks.AbstractQueuedSynchronizer$ConditionObject.await(AbstractQueuedSynchronizer.java:1852)
 java.base/java.lang.ref.ReferenceQueue.await(ReferenceQueue.java:79)
 java.base/java.lang.ref.ReferenceQueue.remove0(ReferenceQueue.java:151)
 java.base/java.lang.ref.ReferenceQueue.remove(ReferenceQueue.java:229)
 com.mysql.cj.jdbc.AbandonedConnectionCleanupThread.run(AbandonedConnectionCleanupThread.java:91)
 java.base/java.util.concurrent.ThreadPoolExecutor.runWorker(ThreadPoolExecutor.java:1144)
 java.base/java.util.concurrent.ThreadPoolExecutor$Worker.run(ThreadPoolExecutor.java:642)
 java.base/java.lang.Thread.run(Thread.java:1575)
20-Mar-2025 14:20:04.704 INFO [Thread-1] org.apache.coyote.AbstractProtocol.stop Arrêt du gestionnaire de protocole ["http-nio-8080"]
20-Mar-2025 14:20:04.712 INFO [Thread-1] org.apache.coyote.AbstractProtocol.destroy Destruction du gestionnaire de protocole ["http-nio-8080"]
20-Mar-2025 15:43:04.756 INFO [main] org.apache.catalina.startup.VersionLoggerListener.log Nom version serveur :              Apache Tomcat/9.0.99
20-Mar-2025 15:43:04.760 INFO [main] org.apache.catalina.startup.VersionLoggerListener.log Serveur compilé :                  Feb 4 2025 20:08:08 UTC
20-Mar-2025 15:43:04.760 INFO [main] org.apache.catalina.startup.VersionLoggerListener.log Version du serveur :               9.0.99.0
20-Mar-2025 15:43:04.760 INFO [main] org.apache.catalina.startup.VersionLoggerListener.log Nom de l'OS :                      Windows 11
20-Mar-2025 15:43:04.760 INFO [main] org.apache.catalina.startup.VersionLoggerListener.log Version OS :                       10.0
20-Mar-2025 15:43:04.761 INFO [main] org.apache.catalina.startup.VersionLoggerListener.log Architecture :                     amd64
20-Mar-2025 15:43:04.761 INFO [main] org.apache.catalina.startup.VersionLoggerListener.log Java Home :                        C:\Users\enaa-\.jdks\openjdk-23.0.2
20-Mar-2025 15:43:04.761 INFO [main] org.apache.catalina.startup.VersionLoggerListener.log Version JVM :                      23.0.2+7-58
20-Mar-2025 15:43:04.761 INFO [main] org.apache.catalina.startup.VersionLoggerListener.log Fournisseur de la JVM :            Oracle Corporation
20-Mar-2025 15:43:04.761 INFO [main] org.apache.catalina.startup.VersionLoggerListener.log CATALINA_BASE :                    C:\Users\enaa-\Desktop\GestionProjet
20-Mar-2025 15:43:04.761 INFO [main] org.apache.catalina.startup.VersionLoggerListener.log CATALINA_HOME :                    C:\Program Files\Apache Software Foundation\Tomcat 9.0
20-Mar-2025 15:43:04.768 INFO [main] org.apache.catalina.startup.VersionLoggerListener.log Argument de la ligne de commande : --add-opens=java.base/java.lang=ALL-UNNAMED
20-Mar-2025 15:43:04.768 INFO [main] org.apache.catalina.startup.VersionLoggerListener.log Argument de la ligne de commande : --add-opens=java.base/java.io=ALL-UNNAMED
20-Mar-2025 15:43:04.769 INFO [main] org.apache.catalina.startup.VersionLoggerListener.log Argument de la ligne de commande : --add-opens=java.base/java.util=ALL-UNNAMED
20-Mar-2025 15:43:04.769 INFO [main] org.apache.catalina.startup.VersionLoggerListener.log Argument de la ligne de commande : --add-opens=java.base/java.util.concurrent=ALL-UNNAMED
20-Mar-2025 15:43:04.769 INFO [main] org.apache.catalina.startup.VersionLoggerListener.log Argument de la ligne de commande : --add-opens=java.rmi/sun.rmi.transport=ALL-UNNAMED
20-Mar-2025 15:43:04.769 INFO [main] org.apache.catalina.startup.VersionLoggerListener.log Argument de la ligne de commande : -Dcatalina.home=C:\Program Files\Apache Software Foundation\Tomcat 9.0
20-Mar-2025 15:43:04.769 INFO [main] org.apache.catalina.startup.VersionLoggerListener.log Argument de la ligne de commande : -Dcatalina.base=C:\Users\enaa-\Desktop\GestionProjet
20-Mar-2025 15:43:04.769 INFO [main] org.apache.catalina.startup.VersionLoggerListener.log Argument de la ligne de commande : -Djava.io.tmpdir=C:\Users\enaa-\Desktop\GestionProjet\temp
20-Mar-2025 15:43:04.769 INFO [main] org.apache.catalina.startup.VersionLoggerListener.log Argument de la ligne de commande : -Djava.util.logging.config.file=C:\Users\enaa-\Desktop\GestionProjet\conf\logging.properties
20-Mar-2025 15:43:04.769 INFO [main] org.apache.catalina.startup.VersionLoggerListener.log Argument de la ligne de commande : -Djava.util.logging.manager=org.apache.juli.ClassLoaderLogManager
20-Mar-2025 15:43:04.770 INFO [main] org.apache.catalina.startup.VersionLoggerListener.log Argument de la ligne de commande : -javaagent:C:\Program Files\JetBrains\IntelliJ IDEA 2024.3\lib\idea_rt.jar=56305:C:\Program Files\JetBrains\IntelliJ IDEA 2024.3\bin
20-Mar-2025 15:43:04.770 INFO [main] org.apache.catalina.startup.VersionLoggerListener.log Argument de la ligne de commande : -Dfile.encoding=UTF-8
20-Mar-2025 15:43:04.770 INFO [main] org.apache.catalina.startup.VersionLoggerListener.log Argument de la ligne de commande : -Dsun.stdout.encoding=UTF-8
20-Mar-2025 15:43:04.770 INFO [main] org.apache.catalina.startup.VersionLoggerListener.log Argument de la ligne de commande : -Dsun.stderr.encoding=UTF-8
20-Mar-2025 15:43:04.774 INFO [main] org.apache.catalina.core.AprLifecycleListener.lifecycleEvent La librairie Apache Tomcat Native basée sur APR qui permet des performances optimales dans les environnements de production n'a pas été trouvée sur le java.library.path : [C:\Users\enaa-\.jdks\openjdk-23.0.2\bin;C:\WINDOWS\Sun\Java\bin;C:\WINDOWS\system32;C:\WINDOWS;C:\Program Files\Common Files\Oracle\Java\javapath;C:\Program Files (x86)\Common Files\Oracle\Java\java8path;C:\Program Files (x86)\Common Files\Oracle\Java\javapath;C:\WINDOWS\system32;C:\WINDOWS;C:\WINDOWS\System32\Wbem;C:\WINDOWS\System32\WindowsPowerShell\v1.0\;C:\WINDOWS\System32\OpenSSH\;C:\Program Files\Git\cmd;C:\Program Files\Java\jdk-23\bin;C:\Users\enaa-\AppData\Local\Microsoft\WindowsApps;C:\Users\enaa-\AppData\Local\Programs\Microsoft VS Code\bin;;C:\Program Files\JetBrains\IntelliJ IDEA 2024.3\bin;;.]
20-Mar-2025 15:43:05.127 INFO [main] org.apache.coyote.AbstractProtocol.init Initialisation du gestionnaire de protocole ["http-nio-8080"]
20-Mar-2025 15:43:05.141 INFO [main] org.apache.catalina.startup.Catalina.load L'initialisation du serveur a pris [631] millisecondes
20-Mar-2025 15:43:05.197 INFO [main] org.apache.catalina.core.StandardService.startInternal Démarrage du service [Catalina]
20-Mar-2025 15:43:05.198 INFO [main] org.apache.catalina.core.StandardEngine.startInternal Démarrage du moteur de Servlets : [Apache Tomcat/9.0.99]
20-Mar-2025 15:43:05.204 INFO [main] org.apache.catalina.startup.HostConfig.deployDescriptor Déploiement du descripteur de configuration [C:\Users\enaa-\Desktop\GestionProjet\conf\Catalina\localhost\GestionProjet.xml]
20-Mar-2025 15:43:05.845 INFO [main] org.apache.jasper.servlet.TldScanner.scanJars Au moins un fichier JAR a été analysé pour trouver des TLDs mais il n'en contenait pas, le mode "debug" du journal peut être activé pour obtenir une liste complète de JAR scannés sans succès ; éviter d'analyser des JARs inutilement peut améliorer sensiblement le temps de démarrage et le temps de compilation des JSPs
20-Mar-2025 15:43:05.917 INFO [main] org.apache.catalina.startup.HostConfig.deployDescriptor Le traitement du descripteur de déploiement [C:\Users\enaa-\Desktop\GestionProjet\conf\Catalina\localhost\GestionProjet.xml] a pris [710] ms
20-Mar-2025 15:43:05.922 INFO [main] org.apache.coyote.AbstractProtocol.start Démarrage du gestionnaire de protocole ["http-nio-8080"]
20-Mar-2025 15:43:05.942 INFO [main] org.apache.catalina.startup.Catalina.start Le démarrage du serveur a pris [800] millisecondes
20-Mar-2025 15:54:21.309 INFO [Thread-1] org.apache.coyote.AbstractProtocol.pause Le gestionnaire de protocole ["http-nio-8080"] est mis en pause
20-Mar-2025 15:54:21.315 INFO [Thread-1] org.apache.catalina.core.StandardService.stopInternal Arrêt du service [Catalina]
20-Mar-2025 15:54:21.322 INFO [Thread-1] org.apache.coyote.AbstractProtocol.stop Arrêt du gestionnaire de protocole ["http-nio-8080"]
20-Mar-2025 15:54:21.326 INFO [Thread-1] org.apache.coyote.AbstractProtocol.destroy Destruction du gestionnaire de protocole ["http-nio-8080"]
20-Mar-2025 15:54:26.298 INFO [main] org.apache.catalina.startup.VersionLoggerListener.log Nom version serveur :              Apache Tomcat/9.0.99
20-Mar-2025 15:54:26.302 INFO [main] org.apache.catalina.startup.VersionLoggerListener.log Serveur compilé :                  Feb 4 2025 20:08:08 UTC
20-Mar-2025 15:54:26.302 INFO [main] org.apache.catalina.startup.VersionLoggerListener.log Version du serveur :               9.0.99.0
20-Mar-2025 15:54:26.302 INFO [main] org.apache.catalina.startup.VersionLoggerListener.log Nom de l'OS :                      Windows 11
20-Mar-2025 15:54:26.302 INFO [main] org.apache.catalina.startup.VersionLoggerListener.log Version OS :                       10.0
20-Mar-2025 15:54:26.303 INFO [main] org.apache.catalina.startup.VersionLoggerListener.log Architecture :                     amd64
20-Mar-2025 15:54:26.303 INFO [main] org.apache.catalina.startup.VersionLoggerListener.log Java Home :                        C:\Users\enaa-\.jdks\openjdk-23.0.2
20-Mar-2025 15:54:26.303 INFO [main] org.apache.catalina.startup.VersionLoggerListener.log Version JVM :                      23.0.2+7-58
20-Mar-2025 15:54:26.303 INFO [main] org.apache.catalina.startup.VersionLoggerListener.log Fournisseur de la JVM :            Oracle Corporation
20-Mar-2025 15:54:26.303 INFO [main] org.apache.catalina.startup.VersionLoggerListener.log CATALINA_BASE :                    C:\Users\enaa-\Desktop\GestionProjet
20-Mar-2025 15:54:26.303 INFO [main] org.apache.catalina.startup.VersionLoggerListener.log CATALINA_HOME :                    C:\Program Files\Apache Software Foundation\Tomcat 9.0
20-Mar-2025 15:54:26.310 INFO [main] org.apache.catalina.startup.VersionLoggerListener.log Argument de la ligne de commande : --add-opens=java.base/java.lang=ALL-UNNAMED
20-Mar-2025 15:54:26.310 INFO [main] org.apache.catalina.startup.VersionLoggerListener.log Argument de la ligne de commande : --add-opens=java.base/java.io=ALL-UNNAMED
20-Mar-2025 15:54:26.310 INFO [main] org.apache.catalina.startup.VersionLoggerListener.log Argument de la ligne de commande : --add-opens=java.base/java.util=ALL-UNNAMED
20-Mar-2025 15:54:26.311 INFO [main] org.apache.catalina.startup.VersionLoggerListener.log Argument de la ligne de commande : --add-opens=java.base/java.util.concurrent=ALL-UNNAMED
20-Mar-2025 15:54:26.311 INFO [main] org.apache.catalina.startup.VersionLoggerListener.log Argument de la ligne de commande : --add-opens=java.rmi/sun.rmi.transport=ALL-UNNAMED
20-Mar-2025 15:54:26.311 INFO [main] org.apache.catalina.startup.VersionLoggerListener.log Argument de la ligne de commande : -Dcatalina.home=C:\Program Files\Apache Software Foundation\Tomcat 9.0
20-Mar-2025 15:54:26.311 INFO [main] org.apache.catalina.startup.VersionLoggerListener.log Argument de la ligne de commande : -Dcatalina.base=C:\Users\enaa-\Desktop\GestionProjet
20-Mar-2025 15:54:26.311 INFO [main] org.apache.catalina.startup.VersionLoggerListener.log Argument de la ligne de commande : -Djava.io.tmpdir=C:\Users\enaa-\Desktop\GestionProjet\temp
20-Mar-2025 15:54:26.311 INFO [main] org.apache.catalina.startup.VersionLoggerListener.log Argument de la ligne de commande : -Djava.util.logging.config.file=C:\Users\enaa-\Desktop\GestionProjet\conf\logging.properties
20-Mar-2025 15:54:26.311 INFO [main] org.apache.catalina.startup.VersionLoggerListener.log Argument de la ligne de commande : -Djava.util.logging.manager=org.apache.juli.ClassLoaderLogManager
20-Mar-2025 15:54:26.311 INFO [main] org.apache.catalina.startup.VersionLoggerListener.log Argument de la ligne de commande : -javaagent:C:\Program Files\JetBrains\IntelliJ IDEA 2024.3\lib\idea_rt.jar=56352:C:\Program Files\JetBrains\IntelliJ IDEA 2024.3\bin
20-Mar-2025 15:54:26.312 INFO [main] org.apache.catalina.startup.VersionLoggerListener.log Argument de la ligne de commande : -Dfile.encoding=UTF-8
20-Mar-2025 15:54:26.312 INFO [main] org.apache.catalina.startup.VersionLoggerListener.log Argument de la ligne de commande : -Dsun.stdout.encoding=UTF-8
20-Mar-2025 15:54:26.312 INFO [main] org.apache.catalina.startup.VersionLoggerListener.log Argument de la ligne de commande : -Dsun.stderr.encoding=UTF-8
20-Mar-2025 15:54:26.316 INFO [main] org.apache.catalina.core.AprLifecycleListener.lifecycleEvent La librairie Apache Tomcat Native basée sur APR qui permet des performances optimales dans les environnements de production n'a pas été trouvée sur le java.library.path : [C:\Users\enaa-\.jdks\openjdk-23.0.2\bin;C:\WINDOWS\Sun\Java\bin;C:\WINDOWS\system32;C:\WINDOWS;C:\Program Files\Common Files\Oracle\Java\javapath;C:\Program Files (x86)\Common Files\Oracle\Java\java8path;C:\Program Files (x86)\Common Files\Oracle\Java\javapath;C:\WINDOWS\system32;C:\WINDOWS;C:\WINDOWS\System32\Wbem;C:\WINDOWS\System32\WindowsPowerShell\v1.0\;C:\WINDOWS\System32\OpenSSH\;C:\Program Files\Git\cmd;C:\Program Files\Java\jdk-23\bin;C:\Users\enaa-\AppData\Local\Microsoft\WindowsApps;C:\Users\enaa-\AppData\Local\Programs\Microsoft VS Code\bin;;C:\Program Files\JetBrains\IntelliJ IDEA 2024.3\bin;;.]
20-Mar-2025 15:54:26.688 INFO [main] org.apache.coyote.AbstractProtocol.init Initialisation du gestionnaire de protocole ["http-nio-8080"]
20-Mar-2025 15:54:26.702 INFO [main] org.apache.catalina.startup.Catalina.load L'initialisation du serveur a pris [646] millisecondes
20-Mar-2025 15:54:26.761 INFO [main] org.apache.catalina.core.StandardService.startInternal Démarrage du service [Catalina]
20-Mar-2025 15:54:26.761 INFO [main] org.apache.catalina.core.StandardEngine.startInternal Démarrage du moteur de Servlets : [Apache Tomcat/9.0.99]
20-Mar-2025 15:54:26.771 INFO [main] org.apache.catalina.startup.HostConfig.deployDescriptor Déploiement du descripteur de configuration [C:\Users\enaa-\Desktop\GestionProjet\conf\Catalina\localhost\GestionProjet.xml]
20-Mar-2025 15:54:27.705 INFO [main] org.apache.jasper.servlet.TldScanner.scanJars Au moins un fichier JAR a été analysé pour trouver des TLDs mais il n'en contenait pas, le mode "debug" du journal peut être activé pour obtenir une liste complète de JAR scannés sans succès ; éviter d'analyser des JARs inutilement peut améliorer sensiblement le temps de démarrage et le temps de compilation des JSPs
20-Mar-2025 15:54:27.748 INFO [main] org.apache.catalina.startup.HostConfig.deployDescriptor Le traitement du descripteur de déploiement [C:\Users\enaa-\Desktop\GestionProjet\conf\Catalina\localhost\GestionProjet.xml] a pris [974] ms
20-Mar-2025 15:54:27.752 INFO [main] org.apache.coyote.AbstractProtocol.start Démarrage du gestionnaire de protocole ["http-nio-8080"]
20-Mar-2025 15:54:27.770 INFO [main] org.apache.catalina.startup.Catalina.start Le démarrage du serveur a pris [1065] millisecondes
