17-Mar-2025 14:51:47.428 INFO [main] org.apache.catalina.startup.VersionLoggerListener.log Nom version serveur :              Apache Tomcat/9.0.99
17-Mar-2025 14:51:47.433 INFO [main] org.apache.catalina.startup.VersionLoggerListener.log Serveur compilé :                  Feb 4 2025 20:08:08 UTC
17-Mar-2025 14:51:47.433 INFO [main] org.apache.catalina.startup.VersionLoggerListener.log Version du serveur :               9.0.99.0
17-Mar-2025 14:51:47.434 INFO [main] org.apache.catalina.startup.VersionLoggerListener.log Nom de l'OS :                      Windows 11
17-Mar-2025 14:51:47.434 INFO [main] org.apache.catalina.startup.VersionLoggerListener.log Version OS :                       10.0
17-Mar-2025 14:51:47.434 INFO [main] org.apache.catalina.startup.VersionLoggerListener.log Architecture :                     amd64
17-Mar-2025 14:51:47.434 INFO [main] org.apache.catalina.startup.VersionLoggerListener.log Java Home :                        C:\Users\enaa-\.jdks\openjdk-23.0.2
17-Mar-2025 14:51:47.435 INFO [main] org.apache.catalina.startup.VersionLoggerListener.log Version JVM :                      23.0.2+7-58
17-Mar-2025 14:51:47.435 INFO [main] org.apache.catalina.startup.VersionLoggerListener.log Fournisseur de la JVM :            Oracle Corporation
17-Mar-2025 14:51:47.435 INFO [main] org.apache.catalina.startup.VersionLoggerListener.log CATALINA_BASE :                    C:\Users\enaa-\Desktop\GestionProjet
17-Mar-2025 14:51:47.436 INFO [main] org.apache.catalina.startup.VersionLoggerListener.log CATALINA_HOME :                    C:\Program Files\Apache Software Foundation\Tomcat 9.0
17-Mar-2025 14:51:47.446 INFO [main] org.apache.catalina.startup.VersionLoggerListener.log Argument de la ligne de commande : --add-opens=java.base/java.lang=ALL-UNNAMED
17-Mar-2025 14:51:47.446 INFO [main] org.apache.catalina.startup.VersionLoggerListener.log Argument de la ligne de commande : --add-opens=java.base/java.io=ALL-UNNAMED
17-Mar-2025 14:51:47.446 INFO [main] org.apache.catalina.startup.VersionLoggerListener.log Argument de la ligne de commande : --add-opens=java.base/java.util=ALL-UNNAMED
17-Mar-2025 14:51:47.447 INFO [main] org.apache.catalina.startup.VersionLoggerListener.log Argument de la ligne de commande : --add-opens=java.base/java.util.concurrent=ALL-UNNAMED
17-Mar-2025 14:51:47.447 INFO [main] org.apache.catalina.startup.VersionLoggerListener.log Argument de la ligne de commande : --add-opens=java.rmi/sun.rmi.transport=ALL-UNNAMED
17-Mar-2025 14:51:47.447 INFO [main] org.apache.catalina.startup.VersionLoggerListener.log Argument de la ligne de commande : -Dcatalina.home=C:\Program Files\Apache Software Foundation\Tomcat 9.0
17-Mar-2025 14:51:47.447 INFO [main] org.apache.catalina.startup.VersionLoggerListener.log Argument de la ligne de commande : -Dcatalina.base=C:\Users\enaa-\Desktop\GestionProjet
17-Mar-2025 14:51:47.447 INFO [main] org.apache.catalina.startup.VersionLoggerListener.log Argument de la ligne de commande : -Djava.io.tmpdir=C:\Users\enaa-\Desktop\GestionProjet\temp
17-Mar-2025 14:51:47.447 INFO [main] org.apache.catalina.startup.VersionLoggerListener.log Argument de la ligne de commande : -Djava.util.logging.config.file=C:\Users\enaa-\Desktop\GestionProjet\conf\logging.properties
17-Mar-2025 14:51:47.448 INFO [main] org.apache.catalina.startup.VersionLoggerListener.log Argument de la ligne de commande : -Djava.util.logging.manager=org.apache.juli.ClassLoaderLogManager
17-Mar-2025 14:51:47.448 INFO [main] org.apache.catalina.startup.VersionLoggerListener.log Argument de la ligne de commande : -javaagent:C:\Program Files\JetBrains\IntelliJ IDEA 2024.3\lib\idea_rt.jar=51620:C:\Program Files\JetBrains\IntelliJ IDEA 2024.3\bin
17-Mar-2025 14:51:47.448 INFO [main] org.apache.catalina.startup.VersionLoggerListener.log Argument de la ligne de commande : -Dfile.encoding=UTF-8
17-Mar-2025 14:51:47.448 INFO [main] org.apache.catalina.startup.VersionLoggerListener.log Argument de la ligne de commande : -Dsun.stdout.encoding=UTF-8
17-Mar-2025 14:51:47.448 INFO [main] org.apache.catalina.startup.VersionLoggerListener.log Argument de la ligne de commande : -Dsun.stderr.encoding=UTF-8
17-Mar-2025 14:51:47.455 INFO [main] org.apache.catalina.core.AprLifecycleListener.lifecycleEvent La librairie Apache Tomcat Native basée sur APR qui permet des performances optimales dans les environnements de production n'a pas été trouvée sur le java.library.path : [C:\Users\enaa-\.jdks\openjdk-23.0.2\bin;C:\WINDOWS\Sun\Java\bin;C:\WINDOWS\system32;C:\WINDOWS;C:\Program Files\Common Files\Oracle\Java\javapath;C:\Program Files (x86)\Common Files\Oracle\Java\java8path;C:\Program Files (x86)\Common Files\Oracle\Java\javapath;C:\WINDOWS\system32;C:\WINDOWS;C:\WINDOWS\System32\Wbem;C:\WINDOWS\System32\WindowsPowerShell\v1.0\;C:\WINDOWS\System32\OpenSSH\;C:\Program Files\Git\cmd;C:\Program Files\Java\jdk-23\bin;C:\Users\enaa-\AppData\Local\Microsoft\WindowsApps;C:\Users\enaa-\AppData\Local\Programs\Microsoft VS Code\bin;;C:\Program Files\JetBrains\IntelliJ IDEA 2024.3\bin;;.]
17-Mar-2025 14:51:48.263 INFO [main] org.apache.coyote.AbstractProtocol.init Initialisation du gestionnaire de protocole ["http-nio-8080"]
17-Mar-2025 14:51:48.303 INFO [main] org.apache.catalina.startup.Catalina.load L'initialisation du serveur a pris [1382] millisecondes
17-Mar-2025 14:51:48.505 INFO [main] org.apache.catalina.core.StandardService.startInternal Démarrage du service [Catalina]
17-Mar-2025 14:51:48.509 INFO [main] org.apache.catalina.core.StandardEngine.startInternal Démarrage du moteur de Servlets : [Apache Tomcat/9.0.99]
17-Mar-2025 14:51:48.546 INFO [main] org.apache.catalina.startup.HostConfig.deployDescriptor Déploiement du descripteur de configuration [C:\Users\enaa-\Desktop\GestionProjet\conf\Catalina\localhost\GestionProjet.xml]
17-Mar-2025 14:51:49.399 INFO [main] org.apache.catalina.startup.HostConfig.deployDescriptor Le traitement du descripteur de déploiement [C:\Users\enaa-\Desktop\GestionProjet\conf\Catalina\localhost\GestionProjet.xml] a pris [843] ms
17-Mar-2025 14:51:49.420 INFO [main] org.apache.coyote.AbstractProtocol.start Démarrage du gestionnaire de protocole ["http-nio-8080"]
17-Mar-2025 14:51:49.470 INFO [main] org.apache.catalina.startup.Catalina.start Le démarrage du serveur a pris [1164] millisecondes
17-Mar-2025 14:58:54.119 INFO [Thread-1] org.apache.coyote.AbstractProtocol.pause Le gestionnaire de protocole ["http-nio-8080"] est mis en pause
17-Mar-2025 14:58:54.142 INFO [Thread-1] org.apache.catalina.core.StandardService.stopInternal Arrêt du service [Catalina]
17-Mar-2025 14:58:54.171 INFO [Thread-1] org.apache.coyote.AbstractProtocol.stop Arrêt du gestionnaire de protocole ["http-nio-8080"]
17-Mar-2025 14:58:54.178 INFO [Thread-1] org.apache.coyote.AbstractProtocol.destroy Destruction du gestionnaire de protocole ["http-nio-8080"]
17-Mar-2025 14:58:58.896 INFO [main] org.apache.catalina.startup.VersionLoggerListener.log Nom version serveur :              Apache Tomcat/9.0.99
17-Mar-2025 14:58:58.903 INFO [main] org.apache.catalina.startup.VersionLoggerListener.log Serveur compilé :                  Feb 4 2025 20:08:08 UTC
17-Mar-2025 14:58:58.904 INFO [main] org.apache.catalina.startup.VersionLoggerListener.log Version du serveur :               9.0.99.0
17-Mar-2025 14:58:58.904 INFO [main] org.apache.catalina.startup.VersionLoggerListener.log Nom de l'OS :                      Windows 11
17-Mar-2025 14:58:58.904 INFO [main] org.apache.catalina.startup.VersionLoggerListener.log Version OS :                       10.0
17-Mar-2025 14:58:58.905 INFO [main] org.apache.catalina.startup.VersionLoggerListener.log Architecture :                     amd64
17-Mar-2025 14:58:58.905 INFO [main] org.apache.catalina.startup.VersionLoggerListener.log Java Home :                        C:\Users\enaa-\.jdks\openjdk-23.0.2
17-Mar-2025 14:58:58.905 INFO [main] org.apache.catalina.startup.VersionLoggerListener.log Version JVM :                      23.0.2+7-58
17-Mar-2025 14:58:58.906 INFO [main] org.apache.catalina.startup.VersionLoggerListener.log Fournisseur de la JVM :            Oracle Corporation
17-Mar-2025 14:58:58.906 INFO [main] org.apache.catalina.startup.VersionLoggerListener.log CATALINA_BASE :                    C:\Users\enaa-\Desktop\GestionProjet
17-Mar-2025 14:58:58.906 INFO [main] org.apache.catalina.startup.VersionLoggerListener.log CATALINA_HOME :                    C:\Program Files\Apache Software Foundation\Tomcat 9.0
17-Mar-2025 14:58:58.926 INFO [main] org.apache.catalina.startup.VersionLoggerListener.log Argument de la ligne de commande : --add-opens=java.base/java.lang=ALL-UNNAMED
17-Mar-2025 14:58:58.926 INFO [main] org.apache.catalina.startup.VersionLoggerListener.log Argument de la ligne de commande : --add-opens=java.base/java.io=ALL-UNNAMED
17-Mar-2025 14:58:58.927 INFO [main] org.apache.catalina.startup.VersionLoggerListener.log Argument de la ligne de commande : --add-opens=java.base/java.util=ALL-UNNAMED
17-Mar-2025 14:58:58.927 INFO [main] org.apache.catalina.startup.VersionLoggerListener.log Argument de la ligne de commande : --add-opens=java.base/java.util.concurrent=ALL-UNNAMED
17-Mar-2025 14:58:58.927 INFO [main] org.apache.catalina.startup.VersionLoggerListener.log Argument de la ligne de commande : --add-opens=java.rmi/sun.rmi.transport=ALL-UNNAMED
17-Mar-2025 14:58:58.927 INFO [main] org.apache.catalina.startup.VersionLoggerListener.log Argument de la ligne de commande : -Dcatalina.home=C:\Program Files\Apache Software Foundation\Tomcat 9.0
17-Mar-2025 14:58:58.928 INFO [main] org.apache.catalina.startup.VersionLoggerListener.log Argument de la ligne de commande : -Dcatalina.base=C:\Users\enaa-\Desktop\GestionProjet
17-Mar-2025 14:58:58.928 INFO [main] org.apache.catalina.startup.VersionLoggerListener.log Argument de la ligne de commande : -Djava.io.tmpdir=C:\Users\enaa-\Desktop\GestionProjet\temp
17-Mar-2025 14:58:58.928 INFO [main] org.apache.catalina.startup.VersionLoggerListener.log Argument de la ligne de commande : -Djava.util.logging.config.file=C:\Users\enaa-\Desktop\GestionProjet\conf\logging.properties
17-Mar-2025 14:58:58.929 INFO [main] org.apache.catalina.startup.VersionLoggerListener.log Argument de la ligne de commande : -Djava.util.logging.manager=org.apache.juli.ClassLoaderLogManager
17-Mar-2025 14:58:58.929 INFO [main] org.apache.catalina.startup.VersionLoggerListener.log Argument de la ligne de commande : -javaagent:C:\Program Files\JetBrains\IntelliJ IDEA 2024.3\lib\idea_rt.jar=51909:C:\Program Files\JetBrains\IntelliJ IDEA 2024.3\bin
17-Mar-2025 14:58:58.929 INFO [main] org.apache.catalina.startup.VersionLoggerListener.log Argument de la ligne de commande : -Dfile.encoding=UTF-8
17-Mar-2025 14:58:58.930 INFO [main] org.apache.catalina.startup.VersionLoggerListener.log Argument de la ligne de commande : -Dsun.stdout.encoding=UTF-8
17-Mar-2025 14:58:58.930 INFO [main] org.apache.catalina.startup.VersionLoggerListener.log Argument de la ligne de commande : -Dsun.stderr.encoding=UTF-8
17-Mar-2025 14:58:58.941 INFO [main] org.apache.catalina.core.AprLifecycleListener.lifecycleEvent La librairie Apache Tomcat Native basée sur APR qui permet des performances optimales dans les environnements de production n'a pas été trouvée sur le java.library.path : [C:\Users\enaa-\.jdks\openjdk-23.0.2\bin;C:\WINDOWS\Sun\Java\bin;C:\WINDOWS\system32;C:\WINDOWS;C:\Program Files\Common Files\Oracle\Java\javapath;C:\Program Files (x86)\Common Files\Oracle\Java\java8path;C:\Program Files (x86)\Common Files\Oracle\Java\javapath;C:\WINDOWS\system32;C:\WINDOWS;C:\WINDOWS\System32\Wbem;C:\WINDOWS\System32\WindowsPowerShell\v1.0\;C:\WINDOWS\System32\OpenSSH\;C:\Program Files\Git\cmd;C:\Program Files\Java\jdk-23\bin;C:\Users\enaa-\AppData\Local\Microsoft\WindowsApps;C:\Users\enaa-\AppData\Local\Programs\Microsoft VS Code\bin;;C:\Program Files\JetBrains\IntelliJ IDEA 2024.3\bin;;.]
17-Mar-2025 14:58:59.983 INFO [main] org.apache.coyote.AbstractProtocol.init Initialisation du gestionnaire de protocole ["http-nio-8080"]
17-Mar-2025 14:59:00.041 INFO [main] org.apache.catalina.startup.Catalina.load L'initialisation du serveur a pris [1813] millisecondes
17-Mar-2025 14:59:00.245 INFO [main] org.apache.catalina.core.StandardService.startInternal Démarrage du service [Catalina]
17-Mar-2025 14:59:00.247 INFO [main] org.apache.catalina.core.StandardEngine.startInternal Démarrage du moteur de Servlets : [Apache Tomcat/9.0.99]
17-Mar-2025 14:59:00.281 INFO [main] org.apache.catalina.startup.HostConfig.deployDescriptor Déploiement du descripteur de configuration [C:\Users\enaa-\Desktop\GestionProjet\conf\Catalina\localhost\GestionProjet.xml]
17-Mar-2025 14:59:01.207 INFO [main] org.apache.catalina.startup.HostConfig.deployDescriptor Le traitement du descripteur de déploiement [C:\Users\enaa-\Desktop\GestionProjet\conf\Catalina\localhost\GestionProjet.xml] a pris [916] ms
17-Mar-2025 14:59:01.223 INFO [main] org.apache.coyote.AbstractProtocol.start Démarrage du gestionnaire de protocole ["http-nio-8080"]
17-Mar-2025 14:59:01.260 INFO [main] org.apache.catalina.startup.Catalina.start Le démarrage du serveur a pris [1216] millisecondes
17-Mar-2025 15:13:15.412 INFO [Thread-1] org.apache.coyote.AbstractProtocol.pause Le gestionnaire de protocole ["http-nio-8080"] est mis en pause
17-Mar-2025 15:13:15.432 INFO [Thread-1] org.apache.catalina.core.StandardService.stopInternal Arrêt du service [Catalina]
17-Mar-2025 15:13:15.460 INFO [Thread-1] org.apache.coyote.AbstractProtocol.stop Arrêt du gestionnaire de protocole ["http-nio-8080"]
17-Mar-2025 15:13:15.479 INFO [Thread-1] org.apache.coyote.AbstractProtocol.destroy Destruction du gestionnaire de protocole ["http-nio-8080"]
17-Mar-2025 15:13:20.397 INFO [main] org.apache.catalina.startup.VersionLoggerListener.log Nom version serveur :              Apache Tomcat/9.0.99
17-Mar-2025 15:13:20.409 INFO [main] org.apache.catalina.startup.VersionLoggerListener.log Serveur compilé :                  Feb 4 2025 20:08:08 UTC
17-Mar-2025 15:13:20.410 INFO [main] org.apache.catalina.startup.VersionLoggerListener.log Version du serveur :               9.0.99.0
17-Mar-2025 15:13:20.410 INFO [main] org.apache.catalina.startup.VersionLoggerListener.log Nom de l'OS :                      Windows 11
17-Mar-2025 15:13:20.410 INFO [main] org.apache.catalina.startup.VersionLoggerListener.log Version OS :                       10.0
17-Mar-2025 15:13:20.411 INFO [main] org.apache.catalina.startup.VersionLoggerListener.log Architecture :                     amd64
17-Mar-2025 15:13:20.411 INFO [main] org.apache.catalina.startup.VersionLoggerListener.log Java Home :                        C:\Users\enaa-\.jdks\openjdk-23.0.2
17-Mar-2025 15:13:20.411 INFO [main] org.apache.catalina.startup.VersionLoggerListener.log Version JVM :                      23.0.2+7-58
17-Mar-2025 15:13:20.411 INFO [main] org.apache.catalina.startup.VersionLoggerListener.log Fournisseur de la JVM :            Oracle Corporation
17-Mar-2025 15:13:20.411 INFO [main] org.apache.catalina.startup.VersionLoggerListener.log CATALINA_BASE :                    C:\Users\enaa-\Desktop\GestionProjet
17-Mar-2025 15:13:20.412 INFO [main] org.apache.catalina.startup.VersionLoggerListener.log CATALINA_HOME :                    C:\Program Files\Apache Software Foundation\Tomcat 9.0
17-Mar-2025 15:13:20.439 INFO [main] org.apache.catalina.startup.VersionLoggerListener.log Argument de la ligne de commande : --add-opens=java.base/java.lang=ALL-UNNAMED
17-Mar-2025 15:13:20.440 INFO [main] org.apache.catalina.startup.VersionLoggerListener.log Argument de la ligne de commande : --add-opens=java.base/java.io=ALL-UNNAMED
17-Mar-2025 15:13:20.440 INFO [main] org.apache.catalina.startup.VersionLoggerListener.log Argument de la ligne de commande : --add-opens=java.base/java.util=ALL-UNNAMED
17-Mar-2025 15:13:20.441 INFO [main] org.apache.catalina.startup.VersionLoggerListener.log Argument de la ligne de commande : --add-opens=java.base/java.util.concurrent=ALL-UNNAMED
17-Mar-2025 15:13:20.441 INFO [main] org.apache.catalina.startup.VersionLoggerListener.log Argument de la ligne de commande : --add-opens=java.rmi/sun.rmi.transport=ALL-UNNAMED
17-Mar-2025 15:13:20.441 INFO [main] org.apache.catalina.startup.VersionLoggerListener.log Argument de la ligne de commande : -Dcatalina.home=C:\Program Files\Apache Software Foundation\Tomcat 9.0
17-Mar-2025 15:13:20.442 INFO [main] org.apache.catalina.startup.VersionLoggerListener.log Argument de la ligne de commande : -Dcatalina.base=C:\Users\enaa-\Desktop\GestionProjet
17-Mar-2025 15:13:20.442 INFO [main] org.apache.catalina.startup.VersionLoggerListener.log Argument de la ligne de commande : -Djava.io.tmpdir=C:\Users\enaa-\Desktop\GestionProjet\temp
17-Mar-2025 15:13:20.442 INFO [main] org.apache.catalina.startup.VersionLoggerListener.log Argument de la ligne de commande : -Djava.util.logging.config.file=C:\Users\enaa-\Desktop\GestionProjet\conf\logging.properties
17-Mar-2025 15:13:20.443 INFO [main] org.apache.catalina.startup.VersionLoggerListener.log Argument de la ligne de commande : -Djava.util.logging.manager=org.apache.juli.ClassLoaderLogManager
17-Mar-2025 15:13:20.443 INFO [main] org.apache.catalina.startup.VersionLoggerListener.log Argument de la ligne de commande : -javaagent:C:\Program Files\JetBrains\IntelliJ IDEA 2024.3\lib\idea_rt.jar=52228:C:\Program Files\JetBrains\IntelliJ IDEA 2024.3\bin
17-Mar-2025 15:13:20.444 INFO [main] org.apache.catalina.startup.VersionLoggerListener.log Argument de la ligne de commande : -Dfile.encoding=UTF-8
17-Mar-2025 15:13:20.444 INFO [main] org.apache.catalina.startup.VersionLoggerListener.log Argument de la ligne de commande : -Dsun.stdout.encoding=UTF-8
17-Mar-2025 15:13:20.444 INFO [main] org.apache.catalina.startup.VersionLoggerListener.log Argument de la ligne de commande : -Dsun.stderr.encoding=UTF-8
17-Mar-2025 15:13:20.457 INFO [main] org.apache.catalina.core.AprLifecycleListener.lifecycleEvent La librairie Apache Tomcat Native basée sur APR qui permet des performances optimales dans les environnements de production n'a pas été trouvée sur le java.library.path : [C:\Users\enaa-\.jdks\openjdk-23.0.2\bin;C:\WINDOWS\Sun\Java\bin;C:\WINDOWS\system32;C:\WINDOWS;C:\Program Files\Common Files\Oracle\Java\javapath;C:\Program Files (x86)\Common Files\Oracle\Java\java8path;C:\Program Files (x86)\Common Files\Oracle\Java\javapath;C:\WINDOWS\system32;C:\WINDOWS;C:\WINDOWS\System32\Wbem;C:\WINDOWS\System32\WindowsPowerShell\v1.0\;C:\WINDOWS\System32\OpenSSH\;C:\Program Files\Git\cmd;C:\Program Files\Java\jdk-23\bin;C:\Users\enaa-\AppData\Local\Microsoft\WindowsApps;C:\Users\enaa-\AppData\Local\Programs\Microsoft VS Code\bin;;C:\Program Files\JetBrains\IntelliJ IDEA 2024.3\bin;;.]
17-Mar-2025 15:13:21.410 INFO [main] org.apache.coyote.AbstractProtocol.init Initialisation du gestionnaire de protocole ["http-nio-8080"]
17-Mar-2025 15:13:21.460 INFO [main] org.apache.catalina.startup.Catalina.load L'initialisation du serveur a pris [1673] millisecondes
17-Mar-2025 15:13:21.642 INFO [main] org.apache.catalina.core.StandardService.startInternal Démarrage du service [Catalina]
17-Mar-2025 15:13:21.643 INFO [main] org.apache.catalina.core.StandardEngine.startInternal Démarrage du moteur de Servlets : [Apache Tomcat/9.0.99]
17-Mar-2025 15:13:21.683 INFO [main] org.apache.catalina.startup.HostConfig.deployDescriptor Déploiement du descripteur de configuration [C:\Users\enaa-\Desktop\GestionProjet\conf\Catalina\localhost\GestionProjet.xml]
17-Mar-2025 15:13:22.691 INFO [main] org.apache.catalina.startup.HostConfig.deployDescriptor Le traitement du descripteur de déploiement [C:\Users\enaa-\Desktop\GestionProjet\conf\Catalina\localhost\GestionProjet.xml] a pris [999] ms
17-Mar-2025 15:13:22.704 INFO [main] org.apache.coyote.AbstractProtocol.start Démarrage du gestionnaire de protocole ["http-nio-8080"]
17-Mar-2025 15:13:22.763 INFO [main] org.apache.catalina.startup.Catalina.start Le démarrage du serveur a pris [1299] millisecondes
17-Mar-2025 15:14:10.068 INFO [Thread-1] org.apache.coyote.AbstractProtocol.pause Le gestionnaire de protocole ["http-nio-8080"] est mis en pause
17-Mar-2025 15:14:10.085 INFO [Thread-1] org.apache.catalina.core.StandardService.stopInternal Arrêt du service [Catalina]
17-Mar-2025 15:14:10.117 INFO [Thread-1] org.apache.coyote.AbstractProtocol.stop Arrêt du gestionnaire de protocole ["http-nio-8080"]
17-Mar-2025 15:14:10.134 INFO [Thread-1] org.apache.coyote.AbstractProtocol.destroy Destruction du gestionnaire de protocole ["http-nio-8080"]
17-Mar-2025 15:14:16.816 INFO [main] org.apache.catalina.startup.VersionLoggerListener.log Nom version serveur :              Apache Tomcat/9.0.99
17-Mar-2025 15:14:16.825 INFO [main] org.apache.catalina.startup.VersionLoggerListener.log Serveur compilé :                  Feb 4 2025 20:08:08 UTC
17-Mar-2025 15:14:16.825 INFO [main] org.apache.catalina.startup.VersionLoggerListener.log Version du serveur :               9.0.99.0
17-Mar-2025 15:14:16.826 INFO [main] org.apache.catalina.startup.VersionLoggerListener.log Nom de l'OS :                      Windows 11
17-Mar-2025 15:14:16.826 INFO [main] org.apache.catalina.startup.VersionLoggerListener.log Version OS :                       10.0
17-Mar-2025 15:14:16.826 INFO [main] org.apache.catalina.startup.VersionLoggerListener.log Architecture :                     amd64
17-Mar-2025 15:14:16.826 INFO [main] org.apache.catalina.startup.VersionLoggerListener.log Java Home :                        C:\Users\enaa-\.jdks\openjdk-23.0.2
17-Mar-2025 15:14:16.826 INFO [main] org.apache.catalina.startup.VersionLoggerListener.log Version JVM :                      23.0.2+7-58
17-Mar-2025 15:14:16.826 INFO [main] org.apache.catalina.startup.VersionLoggerListener.log Fournisseur de la JVM :            Oracle Corporation
17-Mar-2025 15:14:16.826 INFO [main] org.apache.catalina.startup.VersionLoggerListener.log CATALINA_BASE :                    C:\Users\enaa-\Desktop\GestionProjet
17-Mar-2025 15:14:16.827 INFO [main] org.apache.catalina.startup.VersionLoggerListener.log CATALINA_HOME :                    C:\Program Files\Apache Software Foundation\Tomcat 9.0
17-Mar-2025 15:14:16.843 INFO [main] org.apache.catalina.startup.VersionLoggerListener.log Argument de la ligne de commande : --add-opens=java.base/java.lang=ALL-UNNAMED
17-Mar-2025 15:14:16.843 INFO [main] org.apache.catalina.startup.VersionLoggerListener.log Argument de la ligne de commande : --add-opens=java.base/java.io=ALL-UNNAMED
17-Mar-2025 15:14:16.844 INFO [main] org.apache.catalina.startup.VersionLoggerListener.log Argument de la ligne de commande : --add-opens=java.base/java.util=ALL-UNNAMED
17-Mar-2025 15:14:16.844 INFO [main] org.apache.catalina.startup.VersionLoggerListener.log Argument de la ligne de commande : --add-opens=java.base/java.util.concurrent=ALL-UNNAMED
17-Mar-2025 15:14:16.844 INFO [main] org.apache.catalina.startup.VersionLoggerListener.log Argument de la ligne de commande : --add-opens=java.rmi/sun.rmi.transport=ALL-UNNAMED
17-Mar-2025 15:14:16.845 INFO [main] org.apache.catalina.startup.VersionLoggerListener.log Argument de la ligne de commande : -Dcatalina.home=C:\Program Files\Apache Software Foundation\Tomcat 9.0
17-Mar-2025 15:14:16.845 INFO [main] org.apache.catalina.startup.VersionLoggerListener.log Argument de la ligne de commande : -Dcatalina.base=C:\Users\enaa-\Desktop\GestionProjet
17-Mar-2025 15:14:16.845 INFO [main] org.apache.catalina.startup.VersionLoggerListener.log Argument de la ligne de commande : -Djava.io.tmpdir=C:\Users\enaa-\Desktop\GestionProjet\temp
17-Mar-2025 15:14:16.846 INFO [main] org.apache.catalina.startup.VersionLoggerListener.log Argument de la ligne de commande : -Djava.util.logging.config.file=C:\Users\enaa-\Desktop\GestionProjet\conf\logging.properties
17-Mar-2025 15:14:16.846 INFO [main] org.apache.catalina.startup.VersionLoggerListener.log Argument de la ligne de commande : -Djava.util.logging.manager=org.apache.juli.ClassLoaderLogManager
17-Mar-2025 15:14:16.847 INFO [main] org.apache.catalina.startup.VersionLoggerListener.log Argument de la ligne de commande : -javaagent:C:\Program Files\JetBrains\IntelliJ IDEA 2024.3\lib\idea_rt.jar=52242:C:\Program Files\JetBrains\IntelliJ IDEA 2024.3\bin
17-Mar-2025 15:14:16.847 INFO [main] org.apache.catalina.startup.VersionLoggerListener.log Argument de la ligne de commande : -Dfile.encoding=UTF-8
17-Mar-2025 15:14:16.848 INFO [main] org.apache.catalina.startup.VersionLoggerListener.log Argument de la ligne de commande : -Dsun.stdout.encoding=UTF-8
17-Mar-2025 15:14:16.848 INFO [main] org.apache.catalina.startup.VersionLoggerListener.log Argument de la ligne de commande : -Dsun.stderr.encoding=UTF-8
17-Mar-2025 15:14:16.858 INFO [main] org.apache.catalina.core.AprLifecycleListener.lifecycleEvent La librairie Apache Tomcat Native basée sur APR qui permet des performances optimales dans les environnements de production n'a pas été trouvée sur le java.library.path : [C:\Users\enaa-\.jdks\openjdk-23.0.2\bin;C:\WINDOWS\Sun\Java\bin;C:\WINDOWS\system32;C:\WINDOWS;C:\Program Files\Common Files\Oracle\Java\javapath;C:\Program Files (x86)\Common Files\Oracle\Java\java8path;C:\Program Files (x86)\Common Files\Oracle\Java\javapath;C:\WINDOWS\system32;C:\WINDOWS;C:\WINDOWS\System32\Wbem;C:\WINDOWS\System32\WindowsPowerShell\v1.0\;C:\WINDOWS\System32\OpenSSH\;C:\Program Files\Git\cmd;C:\Program Files\Java\jdk-23\bin;C:\Users\enaa-\AppData\Local\Microsoft\WindowsApps;C:\Users\enaa-\AppData\Local\Programs\Microsoft VS Code\bin;;C:\Program Files\JetBrains\IntelliJ IDEA 2024.3\bin;;.]
17-Mar-2025 15:14:17.780 INFO [main] org.apache.coyote.AbstractProtocol.init Initialisation du gestionnaire de protocole ["http-nio-8080"]
17-Mar-2025 15:14:17.824 INFO [main] org.apache.catalina.startup.Catalina.load L'initialisation du serveur a pris [1697] millisecondes
17-Mar-2025 15:14:18.055 INFO [main] org.apache.catalina.core.StandardService.startInternal Démarrage du service [Catalina]
17-Mar-2025 15:14:18.056 INFO [main] org.apache.catalina.core.StandardEngine.startInternal Démarrage du moteur de Servlets : [Apache Tomcat/9.0.99]
17-Mar-2025 15:14:18.086 INFO [main] org.apache.catalina.startup.HostConfig.deployDescriptor Déploiement du descripteur de configuration [C:\Users\enaa-\Desktop\GestionProjet\conf\Catalina\localhost\GestionProjet.xml]
17-Mar-2025 15:14:19.015 INFO [main] org.apache.catalina.startup.HostConfig.deployDescriptor Le traitement du descripteur de déploiement [C:\Users\enaa-\Desktop\GestionProjet\conf\Catalina\localhost\GestionProjet.xml] a pris [918] ms
17-Mar-2025 15:14:19.032 INFO [main] org.apache.coyote.AbstractProtocol.start Démarrage du gestionnaire de protocole ["http-nio-8080"]
17-Mar-2025 15:14:19.064 INFO [main] org.apache.catalina.startup.Catalina.start Le démarrage du serveur a pris [1236] millisecondes
